# JRE version: Java(TM) SE Runtime Environment (14.0.2+12) (build 14.0.2+12-46)
# Java VM: Java HotSpot(TM) 64-Bit Server VM (14.0.2+12-46, mixed mode, sharing, tiered, compressed oops, g1 gc, windows-amd64)
Heap:
 garbage-first heap   total 58368K, used 40962K [0x00000000e0000000, 0x0000000100000000)
  region size 1024K, 23 young (23552K), 3 survivors (3072K)
 Metaspace       used 49389K, capacity 50753K, committed 50944K, reserved 1093632K
  class space    used 5878K, capacity 6389K, committed 6400K, reserved 1048576K
GC Heap History (20 events):
Event: 9.231 GC heap before
{Heap before GC invocations=21 (full 0):
 garbage-first heap   total 58368K, used 48738K [0x00000000e0000000, 0x0000000100000000)
  region size 1024K, 33 young (33792K), 3 survivors (3072K)
 Metaspace       used 36843K, capacity 38090K, committed 38400K, reserved 1083392K
  class space    used 4265K, capacity 4776K, committed 4864K, reserved 1048576K
}
Event: 9.238 GC heap after
{Heap after GC invocations=22 (full 0):
 garbage-first heap   total 58368K, used 19207K [0x00000000e0000000, 0x0000000100000000)
  region size 1024K, 4 young (4096K), 4 survivors (4096K)
 Metaspace       used 36843K, capacity 38090K, committed 38400K, reserved 1083392K
  class space    used 4265K, capacity 4776K, committed 4864K, reserved 1048576K
}
Event: 9.583 GC heap before
{Heap before GC invocations=22 (full 0):
 garbage-first heap   total 58368K, used 46855K [0x00000000e0000000, 0x0000000100000000)
  region size 1024K, 31 young (31744K), 4 survivors (4096K)
 Metaspace       used 37760K, capacity 39018K, committed 39296K, reserved 1083392K
  class space    used 4365K, capacity 4872K, committed 4992K, reserved 1048576K
}
Event: 9.587 GC heap after
{Heap after GC invocations=23 (full 0):
 garbage-first heap   total 58368K, used 19240K [0x00000000e0000000, 0x0000000100000000)
  region size 1024K, 2 young (2048K), 2 survivors (2048K)
 Metaspace       used 37760K, capacity 39018K, committed 39296K, reserved 1083392K
  class space    used 4365K, capacity 4872K, committed 4992K, reserved 1048576K
}
Event: 9.954 GC heap before
{Heap before GC invocations=23 (full 0):
 garbage-first heap   total 58368K, used 47912K [0x00000000e0000000, 0x0000000100000000)
  region size 1024K, 30 young (30720K), 2 survivors (2048K)
 Metaspace       used 39251K, capacity 40457K, committed 40704K, reserved 1085440K
  class space    used 4490K, capacity 5008K, committed 5120K, reserved 1048576K
}
Event: 9.957 GC heap after
{Heap after GC invocations=24 (full 0):
 garbage-first heap   total 58368K, used 19197K [0x00000000e0000000, 0x0000000100000000)
  region size 1024K, 2 young (2048K), 2 survivors (2048K)
 Metaspace       used 39251K, capacity 40457K, committed 40704K, reserved 1085440K
  class space    used 4490K, capacity 5008K, committed 5120K, reserved 1048576K
}
Event: 10.402 GC heap before
{Heap before GC invocations=24 (full 0):
 garbage-first heap   total 58368K, used 48893K [0x00000000e0000000, 0x0000000100000000)
  region size 1024K, 31 young (31744K), 2 survivors (2048K)
 Metaspace       used 40690K, capacity 42007K, committed 42112K, reserved 1085440K
  class space    used 4678K, capacity 5203K, committed 5248K, reserved 1048576K
}
Event: 10.405 GC heap after
{Heap after GC invocations=25 (full 0):
 garbage-first heap   total 58368K, used 19535K [0x00000000e0000000, 0x0000000100000000)
  region size 1024K, 3 young (3072K), 3 survivors (3072K)
 Metaspace       used 40690K, capacity 42007K, committed 42112K, reserved 1085440K
  class space    used 4678K, capacity 5203K, committed 5248K, reserved 1048576K
}
Event: 10.766 GC heap before
{Heap before GC invocations=25 (full 0):
 garbage-first heap   total 58368K, used 47183K [0x00000000e0000000, 0x0000000100000000)
  region size 1024K, 30 young (30720K), 3 survivors (3072K)
 Metaspace       used 42079K, capacity 43422K, committed 43648K, reserved 1087488K
  class space    used 4897K, capacity 5439K, committed 5504K, reserved 1048576K
}
Event: 10.769 GC heap after
{Heap after GC invocations=26 (full 0):
 garbage-first heap   total 58368K, used 19776K [0x00000000e0000000, 0x0000000100000000)
  region size 1024K, 3 young (3072K), 3 survivors (3072K)
 Metaspace       used 42079K, capacity 43422K, committed 43648K, reserved 1087488K
  class space    used 4897K, capacity 5439K, committed 5504K, reserved 1048576K
}
Event: 11.026 GC heap before
{Heap before GC invocations=26 (full 0):
 garbage-first heap   total 58368K, used 47424K [0x00000000e0000000, 0x0000000100000000)
  region size 1024K, 30 young (30720K), 3 survivors (3072K)
 Metaspace       used 43633K, capacity 44906K, committed 45184K, reserved 1089536K
  class space    used 5180K, capacity 5699K, committed 5760K, reserved 1048576K
}
Event: 11.029 GC heap after
{Heap after GC invocations=27 (full 0):
 garbage-first heap   total 58368K, used 19905K [0x00000000e0000000, 0x0000000100000000)
  region size 1024K, 3 young (3072K), 3 survivors (3072K)
 Metaspace       used 43633K, capacity 44906K, committed 45184K, reserved 1089536K
  class space    used 5180K, capacity 5699K, committed 5760K, reserved 1048576K
}
Event: 11.242 GC heap before
{Heap before GC invocations=27 (full 0):
 garbage-first heap   total 58368K, used 47553K [0x00000000e0000000, 0x0000000100000000)
  region size 1024K, 30 young (30720K), 3 survivors (3072K)
 Metaspace       used 44907K, capacity 46144K, committed 46464K, reserved 1089536K
  class space    used 5383K, capacity 5899K, committed 6016K, reserved 1048576K
}
Event: 11.246 GC heap after
{Heap after GC invocations=28 (full 0):
 garbage-first heap   total 58368K, used 20345K [0x00000000e0000000, 0x0000000100000000)
  region size 1024K, 3 young (3072K), 3 survivors (3072K)
 Metaspace       used 44907K, capacity 46144K, committed 46464K, reserved 1089536K
  class space    used 5383K, capacity 5899K, committed 6016K, reserved 1048576K
}
Event: 11.434 GC heap before
{Heap before GC invocations=28 (full 0):
 garbage-first heap   total 58368K, used 47993K [0x00000000e0000000, 0x0000000100000000)
  region size 1024K, 30 young (30720K), 3 survivors (3072K)
 Metaspace       used 46176K, capacity 47555K, committed 47872K, reserved 1091584K
  class space    used 5491K, capacity 6028K, committed 6144K, reserved 1048576K
}
Event: 11.437 GC heap after
{Heap after GC invocations=29 (full 0):
 garbage-first heap   total 58368K, used 20797K [0x00000000e0000000, 0x0000000100000000)
  region size 1024K, 3 young (3072K), 3 survivors (3072K)
 Metaspace       used 46176K, capacity 47555K, committed 47872K, reserved 1091584K
  class space    used 5491K, capacity 6028K, committed 6144K, reserved 1048576K
}
Event: 11.610 GC heap before
{Heap before GC invocations=29 (full 0):
 garbage-first heap   total 58368K, used 48445K [0x00000000e0000000, 0x0000000100000000)
  region size 1024K, 30 young (30720K), 3 survivors (3072K)
 Metaspace       used 47222K, capacity 48585K, committed 48768K, reserved 1091584K
  class space    used 5622K, capacity 6158K, committed 6272K, reserved 1048576K
}
Event: 11.613 GC heap after
{Heap after GC invocations=30 (full 0):
 garbage-first heap   total 58368K, used 20880K [0x00000000e0000000, 0x0000000100000000)
  region size 1024K, 2 young (2048K), 2 survivors (2048K)
 Metaspace       used 47222K, capacity 48585K, committed 48768K, reserved 1091584K
  class space    used 5622K, capacity 6158K, committed 6272K, reserved 1048576K
}
Event: 11.830 GC heap before
{Heap before GC invocations=30 (full 0):
 garbage-first heap   total 58368K, used 49552K [0x00000000e0000000, 0x0000000100000000)
  region size 1024K, 30 young (30720K), 2 survivors (2048K)
 Metaspace       used 48485K, capacity 49874K, committed 50176K, reserved 1093632K
  class space    used 5770K, capacity 6289K, committed 6400K, reserved 1048576K
}
Event: 11.834 GC heap after
{Heap after GC invocations=31 (full 0):
 garbage-first heap   total 58368K, used 21506K [0x00000000e0000000, 0x0000000100000000)
  region size 1024K, 3 young (3072K), 3 survivors (3072K)
 Metaspace       used 48485K, capacity 49874K, committed 50176K, reserved 1093632K
  class space    used 5770K, capacity 6289K, committed 6400K, reserved 1048576K
}

